{
  "RSpec": {
    "coverage": {
      "/Users/flatironschool/10week/jjj/xp/app/controllers/application_controller.rb": [
        1,
        null,
        null,
        1,
        null,
        1,
        13,
        null,
        null,
        1,
        null,
        1,
        2,
        1,
        null,
        1,
        null,
        null,
        null,
        1,
        8,
        null,
        null,
        1,
        null,
        1,
        1,
        1,
        8,
        null,
        null,
        null
      ],
      "/Users/flatironschool/10week/jjj/xp/app/controllers/registrations_controller.rb": [
        1,
        1,
        1,
        null,
        null,
        1,
        1,
        1,
        1,
        1,
        null,
        1,
        1,
        2,
        1,
        null,
        0,
        0,
        null,
        null,
        null,
        null,
        1,
        0,
        null,
        0,
        0,
        0,
        0,
        null,
        0,
        0,
        null,
        null,
        null,
        null,
        1,
        0,
        null,
        0,
        0,
        0,
        null,
        null,
        null,
        1,
        null,
        1,
        0,
        null,
        null,
        null,
        1,
        1,
        null,
        null,
        null
      ],
      "/Users/flatironschool/10week/jjj/xp/app/controllers/sessions_controller.rb": [
        1,
        null,
        1,
        0,
        0,
        0,
        null,
        null,
        1,
        0,
        null,
        null,
        1,
        0,
        0,
        null,
        null
      ],
      "/Users/flatironschool/10week/jjj/xp/app/controllers/users_controller.rb": [
        1,
        null,
        1,
        0,
        null,
        null,
        null
      ],
      "/Users/flatironschool/10week/jjj/xp/app/controllers/lessons_controller.rb": [
        1,
        1,
        1,
        null,
        null,
        null,
        1,
        5,
        null,
        null,
        null,
        null,
        null,
        1,
        1,
        1,
        1,
        1,
        null,
        null,
        null,
        1,
        0,
        0,
        0,
        null,
        null,
        null,
        1,
        0,
        0,
        null,
        0,
        0,
        null,
        null,
        null,
        null,
        null,
        1,
        0,
        null,
        0,
        null,
        null,
        null,
        null,
        0,
        null,
        0,
        0,
        0,
        0,
        0,
        null,
        0,
        0,
        0,
        0,
        null,
        null,
        null,
        null,
        null,
        null,
        1,
        0,
        0,
        0,
        null,
        null,
        null,
        null,
        0,
        null,
        0,
        null,
        null,
        0,
        0,
        0,
        0,
        null,
        0,
        0,
        null,
        null,
        null,
        null,
        1,
        0,
        0,
        0,
        0,
        null,
        0,
        0,
        null,
        null,
        null,
        null,
        null,
        null,
        1,
        0,
        0,
        0,
        0,
        0,
        0,
        null,
        null,
        0,
        0,
        null,
        null,
        0,
        0,
        null,
        null,
        null,
        1,
        null,
        1,
        1,
        null,
        null,
        1,
        1,
        null,
        null,
        null,
        1,
        0,
        null,
        null,
        1,
        6,
        6,
        6,
        null,
        null,
        1,
        1,
        null,
        null,
        null
      ],
      "/Users/flatironschool/10week/jjj/xp/app/models/tag.rb": [
        1,
        1,
        1,
        null,
        1,
        1,
        null,
        1,
        8,
        null,
        null,
        1,
        8,
        null,
        null,
        1,
        9,
        null,
        null,
        null
      ],
      "/Users/flatironschool/10week/jjj/xp/app/models/lesson.rb": [
        1,
        1,
        null,
        1,
        1,
        null,
        1,
        1,
        null,
        1,
        null,
        1,
        1,
        1,
        null,
        1,
        2,
        null,
        null,
        1,
        111,
        20,
        null,
        null,
        null,
        1,
        2,
        6,
        5,
        7,
        7,
        null,
        null,
        null,
        null,
        null,
        1,
        12,
        null,
        null,
        1,
        11,
        null,
        null,
        1,
        120,
        null,
        null,
        1,
        3,
        null,
        null,
        1,
        4,
        null,
        null,
        1,
        1,
        null,
        null,
        1,
        8,
        null,
        null,
        1,
        18,
        null,
        null,
        1,
        1,
        null,
        null,
        1,
        31,
        31,
        null,
        null,
        1,
        1,
        null,
        null,
        1,
        0,
        null,
        null,
        1,
        1,
        null,
        null,
        1,
        1,
        12,
        null,
        null,
        null
      ],
      "/Users/flatironschool/10week/jjj/xp/app/models/user.rb": [
        1,
        1,
        1,
        null,
        1,
        null,
        null,
        1,
        null,
        1,
        null,
        null,
        1,
        2,
        2,
        2,
        2,
        2,
        2,
        2,
        2,
        null,
        null,
        null,
        1,
        1,
        null,
        null,
        1,
        3,
        null,
        null,
        null
      ],
      "/Users/flatironschool/10week/jjj/xp/app/models/lesson_tag.rb": [
        1,
        1,
        1,
        null
      ],
      "/Users/flatironschool/10week/jjj/xp/app/models/registration.rb": [
        1,
        1,
        120,
        120,
        1,
        null,
        null,
        null,
        null,
        1,
        1,
        1,
        1,
        null,
        1,
        1,
        null,
        null
      ],
      "/Users/flatironschool/10week/jjj/xp/app/models/comment.rb": [
        1,
        1,
        1,
        null,
        null,
        1,
        1,
        null,
        null,
        null
      ]
    },
    "timestamp": 1396903980
  }
}
